<?xml version="1.0" encoding="UTF-8"?>
<testng-results ignored="0" total="1" passed="1" failed="0" skipped="0">
  <reporter-output>
    <line>
      <![CDATA[Title Verified: Amazon.in : Echo]]>
    </line>
    <line>
      <![CDATA[Title Verified: Amazon.in : Antivirus]]>
    </line>
  </reporter-output>
  <suite started-at="2022-01-20T12:47:34 IST" name="Default suite" finished-at="2022-01-20T12:48:27 IST" duration-ms="53642">
    <groups>
    </groups>
    <test started-at="2022-01-20T12:47:34 IST" name="Default test" finished-at="2022-01-20T12:48:27 IST" duration-ms="53642">
      <class name="testScript.SelectCategorySearch">
        <test-method signature="SelectCategory()[pri:0, instance:testScript.SelectCategorySearch@346d61be]" started-at="2022-01-20T12:47:34 IST" name="SelectCategory" finished-at="2022-01-20T12:48:27 IST" duration-ms="53525" status="PASS">
          <reporter-output>
            <line>
              <![CDATA[Title Verified: Amazon.in : Echo]]>
            </line>
            <line>
              <![CDATA[Title Verified: Amazon.in : Antivirus]]>
            </line>
          </reporter-output>
        </test-method> <!-- SelectCategory -->
      </class> <!-- testScript.SelectCategorySearch -->
    </test> <!-- Default test -->
  </suite> <!-- Default suite -->
</testng-results>
